<?xml version="1.0" encoding="utf-8"?>
<shfbBuild product="Sandcastle Help File Builder and Tools" version="2022.1.22.0" projectFile="F:\Repo\Nijnstein\BLAST-Documentation\Blast Documentation Project\Blast Documentation.shfbproj" started="23-1-2022 04:01:05">
<buildStep step="Initializing">
Finding tools...
The Sandcastle tools are located in &#39;C:\Program Files (x86)\EWSoftware\Sandcastle Help File Builder&#39;
Locating components in the following folder(s):
    F:\Repo\Nijnstein\BLAST-Documentation\Blast Documentation Project
    C:\ProgramData\EWSoftware\Sandcastle Help File Builder\Components and Plug-Ins
    C:\Program Files (x86)\EWSoftware\Sandcastle Help File Builder\Components
Using framework reflection data for &#39;Cross-platform (.NET Core/.NET Standard)&#39; located in &#39;C:\Program Files (x86)\EWSoftware\Sandcastle Help File Builder\Data\.NETFramework&#39;
Using presentation style &#39;Markdown&#39; located in &#39;C:\Program Files (x86)\EWSoftware\Sandcastle Help File Builder\Components\Markdown&#39;
</buildStep>
<buildStep step="ClearWorkFolder">
Clearing working folder...
-------------------------------
Clearing any prior web/markdown output...
</buildStep>
<buildStep step="ValidatingDocumentationSources">
Validating and copying documentation source information
Source: F:\Repo\Nijnstein\BLAST-Documentation\Blast\BLAST\BLAST.xml
SHFB: Warning BE0006: Unable to locate any documentation sources for &#39;F:\Repo\Nijnstein\BLAST-Documentation\Blast\BLAST\BLAST.xml&#39; (Configuration: Debug Platform: AnyCPU)
Source: F:\Repo\Nijnstein\BLAST-Documentation\Blast\BLAST\obj\Debug\netstandard2.1\BLAST.dll
SHFB: Warning BE0006: Unable to locate any documentation sources for &#39;F:\Repo\Nijnstein\BLAST-Documentation\Blast\BLAST\obj\Debug\netstandard2.1\BLAST.dll&#39; (Configuration: Debug Platform: AnyCPU)
    Last step completed in 00:00:00,0010
</buildStep>
<buildStep step="Failed">

SHFB: Error BE0042: You must specify at least one documentation source in the form of an assembly or a Visual Studio solution/project file
   at SandcastleBuilder.Utils.BuildEngine.BuildProcess.ValidateDocumentationSources()
   at SandcastleBuilder.Utils.BuildEngine.BuildProcess.Build()

</buildStep>
</shfbBuild>
