<?xml version="1.0" encoding="utf-8"?>
<shfbBuild product="Sandcastle Help File Builder and Tools" version="2022.1.22.0" projectFile="F:\Repo\Nijnstein\Blast\Documentation\Documentation.shfbproj" started="28-1-2022 13:42:27">
<buildStep step="Initializing">
Finding tools...
The Sandcastle tools are located in &#39;C:\Program Files (x86)\EWSoftware\Sandcastle Help File Builder&#39;
Locating components in the following folder(s):
    F:\Repo\Nijnstein\Blast\Documentation
    C:\ProgramData\EWSoftware\Sandcastle Help File Builder\Components and Plug-Ins
    C:\Program Files (x86)\EWSoftware\Sandcastle Help File Builder\Components
Using framework reflection data for &#39;.NET Core/.NET Standard/.NET 5.0+&#39; located in &#39;C:\Program Files (x86)\EWSoftware\Sandcastle Help File Builder\Data\.NET&#39;
Using presentation style &#39;Markdown&#39; located in &#39;C:\Program Files (x86)\EWSoftware\Sandcastle Help File Builder\Components\Markdown&#39;
-------------------------------
Clearing any prior web/markdown output...
</buildStep>
<buildStep step="ValidatingDocumentationSources">
Validating and copying documentation source information
Source: F:\Repo\Nijnstein\Blast\BLAST\BLAST.csproj
    Found project &#39;F:\Repo\Nijnstein\Blast\BLAST\BLAST.csproj&#39;

Parsing project files
    Found assembly &#39;F:\Repo\Nijnstein\Blast\BLAST\bin\Debug\netstandard2.1\BLAST.dll&#39; (.NETStandard 2.1)

References to include:
    Microsoft.Win32.Primitives
    mscorlib
    netstandard
    System
    System.AppContext
    System.Buffers
    System.Collections
    System.Collections.Concurrent
    System.Collections.NonGeneric
    System.Collections.Specialized
    System.ComponentModel
    System.ComponentModel.Composition
    System.ComponentModel.EventBasedAsync
    System.ComponentModel.Primitives
    System.ComponentModel.TypeConverter
    System.Console
    System.Core
    System.Data
    System.Data.Common
    System.Diagnostics.Contracts
    System.Diagnostics.Debug
    System.Diagnostics.FileVersionInfo
    System.Diagnostics.Process
    System.Diagnostics.StackTrace
    System.Diagnostics.TextWriterTraceListener
    System.Diagnostics.Tools
    System.Diagnostics.TraceSource
    System.Diagnostics.Tracing
    System.Drawing
    System.Drawing.Primitives
    System.Dynamic.Runtime
    System.Globalization
    System.Globalization.Calendars
    System.Globalization.Extensions
    System.IO
    System.IO.Compression
    System.IO.Compression.FileSystem
    System.IO.Compression.ZipFile
    System.IO.FileSystem
    System.IO.FileSystem.DriveInfo
    System.IO.FileSystem.Primitives
    System.IO.FileSystem.Watcher
    System.IO.IsolatedStorage
    System.IO.MemoryMappedFiles
    System.IO.Pipes
    System.IO.UnmanagedMemoryStream
    System.Linq
    System.Linq.Expressions
    System.Linq.Parallel
    System.Linq.Queryable
    System.Memory
    System.Net
    System.Net.Http
    System.Net.NameResolution
    System.Net.NetworkInformation
    System.Net.Ping
    System.Net.Primitives
    System.Net.Requests
    System.Net.Security
    System.Net.Sockets
    System.Net.WebHeaderCollection
    System.Net.WebSockets
    System.Net.WebSockets.Client
    System.Numerics
    System.Numerics.Vectors
    System.ObjectModel
    System.Reflection
    System.Reflection.DispatchProxy
    System.Reflection.Emit
    System.Reflection.Emit.ILGeneration
    System.Reflection.Emit.Lightweight
    System.Reflection.Extensions
    System.Reflection.Primitives
    System.Resources.Reader
    System.Resources.ResourceManager
    System.Resources.Writer
    System.Runtime
    System.Runtime.CompilerServices.VisualC
    System.Runtime.Extensions
    System.Runtime.Handles
    System.Runtime.InteropServices
    System.Runtime.InteropServices.RuntimeInformation
    System.Runtime.Numerics
    System.Runtime.Serialization
    System.Runtime.Serialization.Formatters
    System.Runtime.Serialization.Json
    System.Runtime.Serialization.Primitives
    System.Runtime.Serialization.Xml
    System.Security.Claims
    System.Security.Cryptography.Algorithms
    System.Security.Cryptography.Csp
    System.Security.Cryptography.Encoding
    System.Security.Cryptography.Primitives
    System.Security.Cryptography.X509Certificates
    System.Security.Principal
    System.Security.SecureString
    System.ServiceModel.Web
    System.Text.Encoding
    System.Text.Encoding.Extensions
    System.Text.RegularExpressions
    System.Threading
    System.Threading.Overlapped
    System.Threading.Tasks
    System.Threading.Tasks.Extensions
    System.Threading.Tasks.Parallel
    System.Threading.Thread
    System.Threading.ThreadPool
    System.Threading.Timer
    System.Transactions
    System.ValueTuple
    System.Web
    System.Windows
    System.Xml
    System.Xml.Linq
    System.Xml.ReaderWriter
    System.Xml.Serialization
    System.Xml.XDocument
    System.Xml.XmlDocument
    System.Xml.XmlSerializer
    System.Xml.XPath
    System.Xml.XPath.XDocument
    Unity.Mathematics
    UnityEngine

Copying XML comments files
    F:\Repo\Nijnstein\Blast\BLAST\BLAST.xml -&gt; F:\Repo\Nijnstein\Blast\Documentation\Help\Working\BLAST.xml
</buildStep>
<buildStep step="GenerateSharedContent">
Generating shared content files (en-US, English (United States))...
    Last step completed in 00:00:00,0015
</buildStep>
<buildStep step="GenerateApiFilter">
Generating API filter for MRefBuilder...
    Last step completed in 00:00:00,0015
</buildStep>
<buildStep step="GenerateReflectionInfo">
Generating reflection information...
[C:\Program Files (x86)\Microsoft Visual Studio\2019\Community\MSBuild\Current\Bin\MSBuild.exe - GenerateRefInfo-972f666b-d71f-4100-9a35-cbd395ff2a06.proj]
Build started 28-1-2022 13:42:27.
Project &quot;F:\Repo\Nijnstein\Blast\Documentation\Help\Working\GenerateRefInfo-972f666b-d71f-4100-9a35-cbd395ff2a06.proj&quot; on node 1 (default targets).
PrepareForBuild:
  Creating directory &quot;obj\Debug\&quot;.
GenerateBindingRedirects:
  No suggested binding redirects from ResolveAssemblyReferences.
GenerateRefInfo:
  Microsoft.Build (v16.5.0+d4cbfca49cea3b14c8b3cc0bbd6cb2a6d55ff3d9)
  &#184; Microsoft Corporation. All rights reserved.
  No source code context base path specified.  Source context information is unavailable.
  Loaded 1 assemblies for reflection and 128 dependency assemblies.
  Wrote information on 13 namespaces, 95 types, and 986 members
  Merging duplicate type and member information
  Merged 0 duplicate type(s) and 0 duplicate member(s)
Done Building Project &quot;F:\Repo\Nijnstein\Blast\Documentation\Help\Working\GenerateRefInfo-972f666b-d71f-4100-9a35-cbd395ff2a06.proj&quot; (default targets).
    Last step completed in 00:00:00,6264
</buildStep>
<buildStep step="ApplyDocumentModel">
Applying document model to reflection output...
    Last step completed in 00:00:00,0422
</buildStep>
<buildStep step="AddApiTopicFilenames">
Adding topic filenames to API members...
    Unique name M_NSS_Blast_Blast_Create_1 generated for M:NSS.Blast.Blast.Create(Unity.Collections.Allocator)
    Unique name M_NSS_Blast_Blast_Execute_1 generated for M:NSS.Blast.Blast.Execute(NSS.Blast.BlastEngineDataPtr@,NSS.Blast.BlastPackageData@,System.IntPtr,System.IntPtr,System.Int32)
    Unique name M_NSS_Blast_Blast_Execute_2 generated for M:NSS.Blast.Blast.Execute(NSS.Blast.BlastPackageData@)
    Unique name M_NSS_Blast_Blast_Execute_3 generated for M:NSS.Blast.Blast.Execute(NSS.Blast.BlastPackageData@,System.IntPtr)
    Unique name M_NSS_Blast_Blast_Execute_4 generated for M:NSS.Blast.Blast.Execute(NSS.Blast.BlastPackageData@,System.IntPtr,System.Int32)
    Unique name M_NSS_Blast_Blast_Execute_5 generated for M:NSS.Blast.Blast.Execute(NSS.Blast.BlastPackageData@,System.IntPtr,System.IntPtr)
    Unique name M_NSS_Blast_Blast_Execute_6 generated for M:NSS.Blast.Blast.Execute(NSS.Blast.BlastPackageData@,System.IntPtr,System.IntPtr,System.Int32)
    Unique name M_NSS_Blast_Blast_Execute_7 generated for M:NSS.Blast.Blast.Execute(NSS.Blast.BlastScriptPackage@)
    Unique name M_NSS_Blast_Blast_Execute_8 generated for M:NSS.Blast.Blast.Execute(NSS.Blast.BlastScriptPackage@,System.IntPtr)
    Unique name M_NSS_Blast_Blast_Execute_9 generated for M:NSS.Blast.Blast.Execute(NSS.Blast.BlastScriptPackage@,System.IntPtr,System.Int32)
    Unique name M_NSS_Blast_Blast_Execute_10 generated for M:NSS.Blast.Blast.Execute(NSS.Blast.BlastScriptPackage@,System.IntPtr,System.IntPtr)
    Unique name M_NSS_Blast_Blast_Execute_11 generated for M:NSS.Blast.Blast.Execute(NSS.Blast.BlastScriptPackage@,System.IntPtr,System.IntPtr,System.Int32)
    Unique name M_NSS_Blast_Blast_Package_1 generated for M:NSS.Blast.Blast.Package(NSS.Blast.BlastEngineDataPtr,System.String,NSS.Blast.BlastCompilerOptions)
    Unique name M_NSS_Blast_Blast_Package_2 generated for M:NSS.Blast.Blast.Package(NSS.Blast.BlastScript,NSS.Blast.BlastCompilerOptions)
    Unique name M_NSS_Blast_Blast_Package_3 generated for M:NSS.Blast.Blast.Package(System.String,NSS.Blast.BlastCompilerOptions)
    Unique name M_NSS_Blast_BlastCompilerOptions__ctor_1 generated for M:NSS.Blast.BlastCompilerOptions.#ctor(NSS.Blast.BlastPackageMode)
    Unique name M_NSS_Blast_BlastCompilerOptions__ctor_2 generated for M:NSS.Blast.BlastCompilerOptions.#ctor(System.Int32)
    Unique name M_NSS_Blast_BlastCompilerOptions__ctor_3 generated for M:NSS.Blast.BlastCompilerOptions.#ctor(System.Int32,NSS.Blast.BlastPackageMode)
    Unique name M_NSS_Blast_BlastEngineData_GetFunction_1 generated for M:NSS.Blast.BlastEngineData.GetFunction(System.String)
    Unique name M_NSS_Blast_BlastPackageData_Clone_1 generated for M:NSS.Blast.BlastPackageData.Clone(Unity.Collections.Allocator)
    Unique name M_NSS_Blast_BlastPackageData_CloneData_1 generated for M:NSS.Blast.BlastPackageData.CloneData(System.Int32,NSS.Blast.BlastMetaDataStack*)
    Unique name M_NSS_Blast_BlastPackageData_CloneData_2 generated for M:NSS.Blast.BlastPackageData.CloneData(System.Int32,Unity.Collections.Allocator)
    Unique name M_NSS_Blast_BlastPackageData_CloneDataStack_1 generated for M:NSS.Blast.BlastPackageData.CloneDataStack(System.Int32,NSS.Blast.BlastSSMDDataStack*)
    Unique name M_NSS_Blast_BlastPackageData_CloneDataStack_2 generated for M:NSS.Blast.BlastPackageData.CloneDataStack(System.Int32,Unity.Collections.Allocator)
    Unique name M_NSS_Blast_BlastPackageData_FreeData_1 generated for M:NSS.Blast.BlastPackageData.FreeData(NSS.Blast.BlastSSMDDataStack*,Unity.Collections.Allocator)
    Unique name M_NSS_Blast_BlastScriptAPI_GetFunctionById_1 generated for M:NSS.Blast.BlastScriptAPI.GetFunctionById(System.Int32)
    Unique name M_NSS_Blast_BlastScriptAPI_RegisterFunction_1 generated for M:NSS.Blast.BlastScriptAPI.RegisterFunction(NSS.Blast.ReservedBlastScriptFunctionIds,System.String,System.Int32,System.Int32,System.Int32,System.Int32,NSS.Blast.extended_blast_operation)
    Unique name M_NSS_Blast_BlastScriptAPI_RegisterFunction_2 generated for M:NSS.Blast.BlastScriptAPI.RegisterFunction(System.String,System.Int32,System.Int32,System.Int32,System.Int32,NSS.Blast.blast_operation)
    Unique name M_NSS_Blast_BlastScriptAPI_RegisterFunction_3 generated for M:NSS.Blast.BlastScriptAPI.RegisterFunction(System.String,System.Int32,System.Int32,System.Int32,System.Int32,NSS.Blast.extended_blast_operation)
    Unique name M_NSS_Blast_BlastScriptAPI_RegisterFunction_4 generated for M:NSS.Blast.BlastScriptAPI.RegisterFunction(System.String,System.IntPtr,System.Int32,System.Int32,System.Int32)
    Unique name M_NSS_Blast_math_extensions_RoundUpToPowerOf2_1 generated for M:NSS.Blast.math_extensions.RoundUpToPowerOf2(System.Int32,System.Int32)
    Unique name M_NSS_Blast_Compiler_BlastCompiler_Compile_1 generated for M:NSS.Blast.Compiler.BlastCompiler.Compile(NSS.Blast.BlastEngineDataPtr,System.String,NSS.Blast.BlastCompilerOptions)
    Unique name M_NSS_Blast_Compiler_CompilationData_HasInput_1 generated for M:NSS.Blast.Compiler.CompilationData.HasInput(System.String)
    Unique name M_NSS_Blast_Compiler_IBlastCompilationData_HasInput_1 generated for M:NSS.Blast.Compiler.IBlastCompilationData.HasInput(System.String)
    Unique name M_NSS_Blast_Compiler_node__ctor_1 generated for M:NSS.Blast.Compiler.node.#ctor(NSS.Blast.Compiler.nodetype,NSS.Blast.BlastScriptToken)
    Unique name M_NSS_Blast_Compiler_node_CountChildType_1 generated for M:NSS.Blast.Compiler.node.CountChildType(NSS.Blast.Compiler.nodetype,NSS.Blast.Compiler.nodetype)
    Unique name M_NSS_Blast_Compiler_node_encode44_1 generated for M:NSS.Blast.Compiler.node.encode44(NSS.Blast.Compiler.node,System.Byte)
    Unique name M_NSS_Blast_Compiler_node_FirstConsecutiveOperationSequence_1 generated for M:NSS.Blast.Compiler.node.FirstConsecutiveOperationSequence(System.Int32,System.Int32,NSS.Blast.blast_operation@,System.Int32@,NSS.Blast.Compiler.node@)
    Unique name M_NSS_Blast_Compiler_node_GetChild_1 generated for M:NSS.Blast.Compiler.node.GetChild(NSS.Blast.Compiler.nodetype,NSS.Blast.Compiler.nodetype)
    Unique name M_NSS_Blast_Compiler_node_IsCompoundWithSingleNegationOfValue_1 generated for M:NSS.Blast.Compiler.node.IsCompoundWithSingleNegationOfValue(NSS.Blast.Compiler.node)
    Unique name M_NSS_Blast_Compiler_node_IsNonNestedVectorDefinition_1 generated for M:NSS.Blast.Compiler.node.IsNonNestedVectorDefinition(NSS.Blast.Compiler.node)
    Unique name M_NSS_Blast_Compiler_node_IsOperationList_1 generated for M:NSS.Blast.Compiler.node.IsOperationList(NSS.Blast.Compiler.node)
    Unique name M_NSS_Blast_Compiler_node_IsOperationList_2 generated for M:NSS.Blast.Compiler.node.IsOperationList(NSS.Blast.Compiler.node,NSS.Blast.blast_operation@)
    Unique name M_NSS_Blast_Compiler_node_IsSingleValueOrPop_1 generated for M:NSS.Blast.Compiler.node.IsSingleValueOrPop(NSS.Blast.Compiler.node)
    Unique name M_NSS_Blast_Compiler_Stage_IMByteCode_AddLabel_1 generated for M:NSS.Blast.Compiler.Stage.IMByteCode.AddLabel(System.Collections.Generic.IEnumerable{NSS.Blast.Compiler.Stage.IMJumpLabel})
    Unique name M_NSS_Blast_Compiler_Stage_IMByteCodeList_Add_1 generated for M:NSS.Blast.Compiler.Stage.IMByteCodeList.Add(System.Byte,NSS.Blast.Compiler.Stage.IMJumpLabel)
    Unique name M_NSS_Blast_Compiler_Stage_IMByteCodeList_AddRange_1 generated for M:NSS.Blast.Compiler.Stage.IMByteCodeList.AddRange(System.Collections.Generic.IEnumerable{NSS.Blast.Compiler.Stage.IMByteCode})
    Unique name M_NSS_Blast_Compiler_Stage_IMByteCodeList_AddRange_2 generated for M:NSS.Blast.Compiler.Stage.IMByteCodeList.AddRange(System.Collections.Generic.IEnumerable{System.Byte})
    Unique name M_NSS_Blast_Interpretor_BlastInterpretor_Execute_1 generated for M:NSS.Blast.Interpretor.BlastInterpretor.Execute(NSS.Blast.BlastEngineDataPtr,System.IntPtr,System.IntPtr)
    Unique name M_NSS_Blast_Interpretor_BlastInterpretor_pop_1 generated for M:NSS.Blast.Interpretor.BlastInterpretor.pop(System.Single@)
    Unique name M_NSS_Blast_Interpretor_BlastInterpretor_pop_2 generated for M:NSS.Blast.Interpretor.BlastInterpretor.pop(Unity.Mathematics.float4@)
    Unique name M_NSS_Blast_Interpretor_BlastInterpretor_pop_3 generated for M:NSS.Blast.Interpretor.BlastInterpretor.pop(Unity.Mathematics.int4@)
    Unique name M_NSS_Blast_Interpretor_BlastInterpretor_push_1 generated for M:NSS.Blast.Interpretor.BlastInterpretor.push(System.Single)
    Unique name M_NSS_Blast_Interpretor_BlastInterpretor_push_2 generated for M:NSS.Blast.Interpretor.BlastInterpretor.push(Unity.Mathematics.float2)
    Unique name M_NSS_Blast_Interpretor_BlastInterpretor_push_3 generated for M:NSS.Blast.Interpretor.BlastInterpretor.push(Unity.Mathematics.float3)
    Unique name M_NSS_Blast_Interpretor_BlastInterpretor_push_4 generated for M:NSS.Blast.Interpretor.BlastInterpretor.push(Unity.Mathematics.float4)
    Unique name M_NSS_Blast_Interpretor_BlastInterpretor_ResumeYield_1 generated for M:NSS.Blast.Interpretor.BlastInterpretor.ResumeYield(NSS.Blast.BlastEngineDataPtr,System.IntPtr,System.IntPtr)
    Unique name M_NSS_Blast_Interpretor_BlastInterpretor_SetPackage_1 generated for M:NSS.Blast.Interpretor.BlastInterpretor.SetPackage(NSS.Blast.BlastPackageData,System.Byte*,System.Single*,System.Byte*,System.Int32)
    Unique name M_NSS_Blast_Register_BlastScriptRegistry_Exists_1 generated for M:NSS.Blast.Register.BlastScriptRegistry.Exists(System.String)
    Unique name M_NSS_Blast_Register_BlastScriptRegistry_Get_1 generated for M:NSS.Blast.Register.BlastScriptRegistry.Get(System.String)
    Unique name M_NSS_Blast_Register_BlastScriptRegistry_Register_1 generated for M:NSS.Blast.Register.BlastScriptRegistry.Register(System.String,System.String,System.Int32)
    Unique name M_NSS_Blast_SSMD_BlastSSMDInterpretor_Execute_1 generated for M:NSS.Blast.SSMD.BlastSSMDInterpretor.Execute(NSS.Blast.BlastPackageData@,NSS.Blast.BlastEngineDataPtr,System.IntPtr,NSS.Blast.BlastSSMDDataStack*,System.Int32)
    Unique name M_Unity_Collections_BurstCompileAttribute__ctor_1 generated for M:Unity.Collections.BurstCompileAttribute.#ctor(Unity.Collections.FloatPrecision,Unity.Collections.FloatMode)
    Last step completed in 00:00:00,0967
</buildStep>
<buildStep step="GenerateApiTopicManifest">
Generating API topic manifest...
    Last step completed in 00:00:00,0169
</buildStep>
<buildStep step="GenerateNamespaceSummaries">
Generating namespace summary information...
    Last step completed in 00:00:00,2966
</buildStep>
<buildStep step="CopyConceptualContent">
Copying conceptual content...
Copying standard token shared content file...
Checking for other token files...
Checking for code snippets files...
Copying images and creating the media map file...
    F:\Repo\Nijnstein\Blast\Documentation\icons\help.png -&gt; F:\Repo\Nijnstein\Blast\Documentation\Help\Working\media\help.png
Generating conceptual topic files
    Parsing topic file &#39;F:\Repo\Nijnstein\Blast\Documentation\Content\Welcome.aml&#39;
    F:\Repo\Nijnstein\Blast\Documentation\Content\Welcome.aml -&gt; F:\Repo\Nijnstein\Blast\Documentation\Help\Working\ddueXml\b84cc328-fe66-4900-9a10-6477fab7b598.xml
    Parsing topic file &#39;F:\Repo\Nijnstein\Blast\Documentation\Content\VersionHistory\VersionHistory.aml&#39;
    F:\Repo\Nijnstein\Blast\Documentation\Content\VersionHistory\VersionHistory.aml -&gt; F:\Repo\Nijnstein\Blast\Documentation\Help\Working\ddueXml\247455fe-83e9-48c3-9cdf-e5073aae7451.xml
    Parsing topic file &#39;F:\Repo\Nijnstein\Blast\Documentation\Content\VersionHistory\v1.0.0.0.aml&#39;
    F:\Repo\Nijnstein\Blast\Documentation\Content\VersionHistory\v1.0.0.0.aml -&gt; F:\Repo\Nijnstein\Blast\Documentation\Help\Working\ddueXml\fc4cf5a7-53d8-471f-95dc-d2e5934d544e.xml
    Last step completed in 00:00:00,0109
</buildStep>
<buildStep step="CreateConceptualTopicConfigs">
Creating conceptual topic configuration files...
    Companion files
    _ContentMetadata_.xml
    Merging topic IDs into manifest.xml
    Last step completed in 00:00:00,0030
</buildStep>
<buildStep step="CopyAdditionalContent">
Copying additional content files...
No additional content to copy
    Last step completed in 00:00:00,0005
</buildStep>
<buildStep step="MergeTablesOfContents">
Merging conceptual and additional tables of contents...
    Last step completed in 00:00:00,0000
</buildStep>
<buildStep step="GenerateIntermediateTableOfContents">
Generating intermediate table of contents file for API content...
Generating conceptual content intermediate TOC file...
    Last step completed in 00:00:00,0327
</buildStep>
<buildStep step="CreateBuildAssemblerConfigs">
Creating Sandcastle configuration files...
    sandcastle.config
    Last step completed in 00:00:00,1761
</buildStep>
<buildStep step="MergeCustomConfigs">
Merging custom build component configurations
F:\Repo\Nijnstein\Blast\Documentation\Help\Working\sandcastle.config
  Updating reference topic configurations.
  Updating conceptual topic configurations.
    Removing unused ExampleComponent.
    Last step completed in 00:00:00,0015
</buildStep>
<buildStep step="BuildTopics">
Building help topics...
[C:\Program Files (x86)\Microsoft Visual Studio\2019\Community\MSBuild\Current\Bin\MSBuild.exe - BuildTopics.proj]
Build started 28-1-2022 13:42:29.
Project &quot;F:\Repo\Nijnstein\Blast\Documentation\Help\Working\BuildTopics.proj&quot; on node 1 (default targets).
BuildTopics:
  Microsoft.Build (v16.5.0+d4cbfca49cea3b14c8b3cc0bbd6cb2a6d55ff3d9)
  &#184; Microsoft Corporation. All rights reserved.
  Loading configuration...
  Processing topics...
  Processed 953 topic(s)
  CopyFromIndexComponent: &quot;metadata&quot; in-memory cache entries used: 1 of 15.
  ResolveArtLinksComponent: Copying media files...
  CopyFromIndexComponent: &quot;reflection&quot; in-memory cache entries used: 5 of 15.
  CopyFromIndexComponent: &quot;comments&quot; in-memory cache entries used: 2 of 30.
Done Building Project &quot;F:\Repo\Nijnstein\Blast\Documentation\Help\Working\BuildTopics.proj&quot; (default targets).
    Last step completed in 00:00:04,7497
</buildStep>
<buildStep step="CombiningIntermediateTocFiles">
Combining conceptual and API intermediate TOC files...
    Last step completed in 00:00:00,0030
</buildStep>
<buildStep step="CopyStandardHelpContent">
Copying standard help content...
C:\Program Files (x86)\EWSoftware\Sandcastle Help File Builder\Components\Markdown\media\AlertCaution.png -&gt; F:\Repo\Nijnstein\Blast\Documentation\Help\Working\Output\Markdown\media\AlertCaution.png
C:\Program Files (x86)\EWSoftware\Sandcastle Help File Builder\Components\Markdown\media\AlertNote.png -&gt; F:\Repo\Nijnstein\Blast\Documentation\Help\Working\Output\Markdown\media\AlertNote.png
C:\Program Files (x86)\EWSoftware\Sandcastle Help File Builder\Components\Markdown\media\AlertSecurity.png -&gt; F:\Repo\Nijnstein\Blast\Documentation\Help\Working\Output\Markdown\media\AlertSecurity.png
C:\Program Files (x86)\EWSoftware\Sandcastle Help File Builder\Components\Markdown\media\CFW.gif -&gt; F:\Repo\Nijnstein\Blast\Documentation\Help\Working\Output\Markdown\media\CFW.gif
C:\Program Files (x86)\EWSoftware\Sandcastle Help File Builder\Components\Markdown\media\CodeExample.png -&gt; F:\Repo\Nijnstein\Blast\Documentation\Help\Working\Output\Markdown\media\CodeExample.png
C:\Program Files (x86)\EWSoftware\Sandcastle Help File Builder\Components\Markdown\media\privclass.gif -&gt; F:\Repo\Nijnstein\Blast\Documentation\Help\Working\Output\Markdown\media\privclass.gif
C:\Program Files (x86)\EWSoftware\Sandcastle Help File Builder\Components\Markdown\media\privdelegate.gif -&gt; F:\Repo\Nijnstein\Blast\Documentation\Help\Working\Output\Markdown\media\privdelegate.gif
C:\Program Files (x86)\EWSoftware\Sandcastle Help File Builder\Components\Markdown\media\privenumeration.gif -&gt; F:\Repo\Nijnstein\Blast\Documentation\Help\Working\Output\Markdown\media\privenumeration.gif
C:\Program Files (x86)\EWSoftware\Sandcastle Help File Builder\Components\Markdown\media\privevent.gif -&gt; F:\Repo\Nijnstein\Blast\Documentation\Help\Working\Output\Markdown\media\privevent.gif
C:\Program Files (x86)\EWSoftware\Sandcastle Help File Builder\Components\Markdown\media\privextension.gif -&gt; F:\Repo\Nijnstein\Blast\Documentation\Help\Working\Output\Markdown\media\privextension.gif
C:\Program Files (x86)\EWSoftware\Sandcastle Help File Builder\Components\Markdown\media\privfield.gif -&gt; F:\Repo\Nijnstein\Blast\Documentation\Help\Working\Output\Markdown\media\privfield.gif
C:\Program Files (x86)\EWSoftware\Sandcastle Help File Builder\Components\Markdown\media\privinterface.gif -&gt; F:\Repo\Nijnstein\Blast\Documentation\Help\Working\Output\Markdown\media\privinterface.gif
C:\Program Files (x86)\EWSoftware\Sandcastle Help File Builder\Components\Markdown\media\privmethod.gif -&gt; F:\Repo\Nijnstein\Blast\Documentation\Help\Working\Output\Markdown\media\privmethod.gif
C:\Program Files (x86)\EWSoftware\Sandcastle Help File Builder\Components\Markdown\media\privproperty.gif -&gt; F:\Repo\Nijnstein\Blast\Documentation\Help\Working\Output\Markdown\media\privproperty.gif
C:\Program Files (x86)\EWSoftware\Sandcastle Help File Builder\Components\Markdown\media\privstructure.gif -&gt; F:\Repo\Nijnstein\Blast\Documentation\Help\Working\Output\Markdown\media\privstructure.gif
C:\Program Files (x86)\EWSoftware\Sandcastle Help File Builder\Components\Markdown\media\protclass.gif -&gt; F:\Repo\Nijnstein\Blast\Documentation\Help\Working\Output\Markdown\media\protclass.gif
C:\Program Files (x86)\EWSoftware\Sandcastle Help File Builder\Components\Markdown\media\protdelegate.gif -&gt; F:\Repo\Nijnstein\Blast\Documentation\Help\Working\Output\Markdown\media\protdelegate.gif
C:\Program Files (x86)\EWSoftware\Sandcastle Help File Builder\Components\Markdown\media\protenumeration.gif -&gt; F:\Repo\Nijnstein\Blast\Documentation\Help\Working\Output\Markdown\media\protenumeration.gif
C:\Program Files (x86)\EWSoftware\Sandcastle Help File Builder\Components\Markdown\media\protevent.gif -&gt; F:\Repo\Nijnstein\Blast\Documentation\Help\Working\Output\Markdown\media\protevent.gif
C:\Program Files (x86)\EWSoftware\Sandcastle Help File Builder\Components\Markdown\media\protextension.gif -&gt; F:\Repo\Nijnstein\Blast\Documentation\Help\Working\Output\Markdown\media\protextension.gif
C:\Program Files (x86)\EWSoftware\Sandcastle Help File Builder\Components\Markdown\media\protfield.gif -&gt; F:\Repo\Nijnstein\Blast\Documentation\Help\Working\Output\Markdown\media\protfield.gif
C:\Program Files (x86)\EWSoftware\Sandcastle Help File Builder\Components\Markdown\media\protinterface.gif -&gt; F:\Repo\Nijnstein\Blast\Documentation\Help\Working\Output\Markdown\media\protinterface.gif
C:\Program Files (x86)\EWSoftware\Sandcastle Help File Builder\Components\Markdown\media\protmethod.gif -&gt; F:\Repo\Nijnstein\Blast\Documentation\Help\Working\Output\Markdown\media\protmethod.gif
C:\Program Files (x86)\EWSoftware\Sandcastle Help File Builder\Components\Markdown\media\protoperator.gif -&gt; F:\Repo\Nijnstein\Blast\Documentation\Help\Working\Output\Markdown\media\protoperator.gif
C:\Program Files (x86)\EWSoftware\Sandcastle Help File Builder\Components\Markdown\media\protproperty.gif -&gt; F:\Repo\Nijnstein\Blast\Documentation\Help\Working\Output\Markdown\media\protproperty.gif
C:\Program Files (x86)\EWSoftware\Sandcastle Help File Builder\Components\Markdown\media\protstructure.gif -&gt; F:\Repo\Nijnstein\Blast\Documentation\Help\Working\Output\Markdown\media\protstructure.gif
C:\Program Files (x86)\EWSoftware\Sandcastle Help File Builder\Components\Markdown\media\pubclass.gif -&gt; F:\Repo\Nijnstein\Blast\Documentation\Help\Working\Output\Markdown\media\pubclass.gif
C:\Program Files (x86)\EWSoftware\Sandcastle Help File Builder\Components\Markdown\media\pubdelegate.gif -&gt; F:\Repo\Nijnstein\Blast\Documentation\Help\Working\Output\Markdown\media\pubdelegate.gif
C:\Program Files (x86)\EWSoftware\Sandcastle Help File Builder\Components\Markdown\media\pubenumeration.gif -&gt; F:\Repo\Nijnstein\Blast\Documentation\Help\Working\Output\Markdown\media\pubenumeration.gif
C:\Program Files (x86)\EWSoftware\Sandcastle Help File Builder\Components\Markdown\media\pubevent.gif -&gt; F:\Repo\Nijnstein\Blast\Documentation\Help\Working\Output\Markdown\media\pubevent.gif
C:\Program Files (x86)\EWSoftware\Sandcastle Help File Builder\Components\Markdown\media\pubextension.gif -&gt; F:\Repo\Nijnstein\Blast\Documentation\Help\Working\Output\Markdown\media\pubextension.gif
C:\Program Files (x86)\EWSoftware\Sandcastle Help File Builder\Components\Markdown\media\pubfield.gif -&gt; F:\Repo\Nijnstein\Blast\Documentation\Help\Working\Output\Markdown\media\pubfield.gif
C:\Program Files (x86)\EWSoftware\Sandcastle Help File Builder\Components\Markdown\media\pubinterface.gif -&gt; F:\Repo\Nijnstein\Blast\Documentation\Help\Working\Output\Markdown\media\pubinterface.gif
C:\Program Files (x86)\EWSoftware\Sandcastle Help File Builder\Components\Markdown\media\pubmethod.gif -&gt; F:\Repo\Nijnstein\Blast\Documentation\Help\Working\Output\Markdown\media\pubmethod.gif
C:\Program Files (x86)\EWSoftware\Sandcastle Help File Builder\Components\Markdown\media\puboperator.gif -&gt; F:\Repo\Nijnstein\Blast\Documentation\Help\Working\Output\Markdown\media\puboperator.gif
C:\Program Files (x86)\EWSoftware\Sandcastle Help File Builder\Components\Markdown\media\pubproperty.gif -&gt; F:\Repo\Nijnstein\Blast\Documentation\Help\Working\Output\Markdown\media\pubproperty.gif
C:\Program Files (x86)\EWSoftware\Sandcastle Help File Builder\Components\Markdown\media\pubstructure.gif -&gt; F:\Repo\Nijnstein\Blast\Documentation\Help\Working\Output\Markdown\media\pubstructure.gif
C:\Program Files (x86)\EWSoftware\Sandcastle Help File Builder\Components\Markdown\media\slMobile.gif -&gt; F:\Repo\Nijnstein\Blast\Documentation\Help\Working\Output\Markdown\media\slMobile.gif
C:\Program Files (x86)\EWSoftware\Sandcastle Help File Builder\Components\Markdown\media\static.gif -&gt; F:\Repo\Nijnstein\Blast\Documentation\Help\Working\Output\Markdown\media\static.gif
C:\Program Files (x86)\EWSoftware\Sandcastle Help File Builder\Components\Markdown\media\xna.gif -&gt; F:\Repo\Nijnstein\Blast\Documentation\Help\Working\Output\Markdown\media\xna.gif
C:\Program Files (x86)\EWSoftware\Sandcastle Help File Builder\Components\Markdown\MarkdownContent\_Footer.md -&gt; F:\Repo\Nijnstein\Blast\Documentation\Help\Working\Output\Markdown\_Footer.md
    Last step completed in 00:00:00,0754
</buildStep>
<buildStep step="GenerateHelpProject">
Executing informational Generate Help Project build step for plug-ins (not used for Markdown)
    Last step completed in 00:00:00,0005
</buildStep>
<buildStep step="CompilingHelpFile">
Generating markdown content...
[C:\Program Files (x86)\Microsoft Visual Studio\2019\Community\MSBuild\Current\Bin\MSBuild.exe - GenerateMarkdownContent.proj]
  500 topics generated
  Finished generating 953 topics
  Copying content to output folder...
  Copied 500 files
  Finished copying 996 files
    Last step completed in 00:00:01,2752
</buildStep>
<buildStep step="CleanIntermediates">
Removing intermediate files...
    Last step completed in 00:00:00,1865
</buildStep>
<buildStep step="Completed">

Build completed successfully at 28-1-2022 13:42:35.  Total time: 00:00:08,2128

</buildStep>
</shfbBuild>
